Started by user Serdar Selçuk
Obtained Jenkinsfile from git https://github.com/demodevopss/RockPaperScissorsLizardSpock.git
[Pipeline] Start of Pipeline
[Pipeline] node
Running on Jenkins in /var/jenkins_home/workspace/rpsls-pipeline
[Pipeline] {
[Pipeline] stage
[Pipeline] { (Declarative: Checkout SCM)
[Pipeline] checkout
The recommended git tool is: git
using credential github-https
 > git rev-parse --resolve-git-dir /var/jenkins_home/workspace/rpsls-pipeline/.git # timeout=10
Fetching changes from the remote Git repository
 > git config remote.origin.url https://github.com/demodevopss/RockPaperScissorsLizardSpock.git # timeout=10
Fetching upstream changes from https://github.com/demodevopss/RockPaperScissorsLizardSpock.git
 > git --version # timeout=10
 > git --version # 'git version 2.39.5'
using GIT_ASKPASS to set credentials github-https
 > git fetch --tags --force --progress -- https://github.com/demodevopss/RockPaperScissorsLizardSpock.git +refs/heads/*:refs/remotes/origin/* # timeout=10
 > git rev-parse refs/remotes/origin/main^{commit} # timeout=10
Checking out Revision adb62c1adcf1e47c3547626f3f79eea9da4c8a98 (refs/remotes/origin/main)
 > git config core.sparsecheckout # timeout=10
 > git checkout -f adb62c1adcf1e47c3547626f3f79eea9da4c8a98 # timeout=10
Commit message: "Simplify UI test selectors - use generic button tag"
 > git rev-list --no-walk 19d063d2b2e0f97265ac6962ae227f81994999cf # timeout=10
[Pipeline] }
[Pipeline] // stage
[Pipeline] withEnv
[Pipeline] {
[Pipeline] withEnv
[Pipeline] {
[Pipeline] timestamps
[Pipeline] {
[Pipeline] stage
[Pipeline] { (Checkout)
[Pipeline] checkout
[2025-08-09T12:21:39.611Z] The recommended git tool is: git
[2025-08-09T12:21:39.611Z] No credentials specified
[2025-08-09T12:21:39.611Z]  > git rev-parse --resolve-git-dir /var/jenkins_home/workspace/rpsls-pipeline/.git # timeout=10
[2025-08-09T12:21:39.613Z] Fetching changes from the remote Git repository
[2025-08-09T12:21:39.615Z]  > git config remote.origin.url https://github.com/demodevopss/RockPaperScissorsLizardSpock.git # timeout=10
[2025-08-09T12:21:39.617Z] Fetching upstream changes from https://github.com/demodevopss/RockPaperScissorsLizardSpock.git
[2025-08-09T12:21:39.617Z]  > git --version # timeout=10
[2025-08-09T12:21:39.619Z]  > git --version # 'git version 2.39.5'
[2025-08-09T12:21:39.619Z]  > git fetch --tags --force --progress -- https://github.com/demodevopss/RockPaperScissorsLizardSpock.git +refs/heads/*:refs/remotes/origin/* # timeout=10
[2025-08-09T12:21:40.044Z]  > git rev-parse refs/remotes/origin/main^{commit} # timeout=10
[2025-08-09T12:21:40.047Z] Checking out Revision adb62c1adcf1e47c3547626f3f79eea9da4c8a98 (refs/remotes/origin/main)
[2025-08-09T12:21:40.047Z]  > git config core.sparsecheckout # timeout=10
[2025-08-09T12:21:40.049Z]  > git checkout -f adb62c1adcf1e47c3547626f3f79eea9da4c8a98 # timeout=10
[2025-08-09T12:21:40.056Z] Commit message: "Simplify UI test selectors - use generic button tag"
[Pipeline] }
[Pipeline] // stage
[Pipeline] stage
[Pipeline] { (Docker Build)
[Pipeline] sh
[2025-08-09T12:21:40.361Z] + docker version
[2025-08-09T12:21:40.361Z] Client:
[2025-08-09T12:21:40.361Z]  Version:           20.10.24+dfsg1
[2025-08-09T12:21:40.361Z]  API version:       1.41
[2025-08-09T12:21:40.361Z]  Go version:        go1.19.8
[2025-08-09T12:21:40.361Z]  Git commit:        297e128
[2025-08-09T12:21:40.361Z]  Built:             Fri Apr 18 15:03:29 2025
[2025-08-09T12:21:40.361Z]  OS/Arch:           linux/arm64
[2025-08-09T12:21:40.361Z]  Context:           default
[2025-08-09T12:21:40.361Z]  Experimental:      true
[2025-08-09T12:21:40.361Z] 
[2025-08-09T12:21:40.361Z] Server: Docker Engine - Community
[2025-08-09T12:21:40.361Z]  Engine:
[2025-08-09T12:21:40.361Z]   Version:          28.3.3
[2025-08-09T12:21:40.361Z]   API version:      1.51 (minimum version 1.24)
[2025-08-09T12:21:40.361Z]   Go version:       go1.24.5
[2025-08-09T12:21:40.361Z]   Git commit:       bea959c
[2025-08-09T12:21:40.361Z]   Built:            Fri Jul 25 11:35:23 2025
[2025-08-09T12:21:40.361Z]   OS/Arch:          linux/arm64
[2025-08-09T12:21:40.361Z]   Experimental:     false
[2025-08-09T12:21:40.361Z]  containerd:
[2025-08-09T12:21:40.361Z]   Version:          1.7.27
[2025-08-09T12:21:40.361Z]   GitCommit:        05044ec0a9a75232cad458027ca83437aae3f4da
[2025-08-09T12:21:40.361Z]  runc:
[2025-08-09T12:21:40.361Z]   Version:          1.2.5
[2025-08-09T12:21:40.361Z]   GitCommit:        v1.2.5-0-g59923ef
[2025-08-09T12:21:40.361Z]  docker-init:
[2025-08-09T12:21:40.361Z]   Version:          0.19.0
[2025-08-09T12:21:40.361Z]   GitCommit:        de40ad0
[Pipeline] sh
[2025-08-09T12:21:40.625Z] + docker build -t devopsserdar/rpsls:latest -t devopsserdar/rpsls:57 .
[2025-08-09T12:21:40.625Z] #1 [internal] load build definition from Dockerfile
[2025-08-09T12:21:40.625Z] #1 sha256:7e4840824f5402657984d86a7af6af8980d8146ffc305a54be667ce0e9bf718f
[2025-08-09T12:21:40.625Z] #1 transferring dockerfile: 741B done
[2025-08-09T12:21:40.625Z] #1 DONE 0.0s
[2025-08-09T12:21:40.625Z] 
[2025-08-09T12:21:40.625Z] #3 [internal] load metadata for mcr.microsoft.com/dotnet/sdk:5.0-focal
[2025-08-09T12:21:40.625Z] #3 sha256:bd7d980268fa0ca85f3abe4180fa95be6c9fde8e77d1bcd2b7645247afd91cc5
[2025-08-09T12:21:40.875Z] #3 DONE 0.3s
[2025-08-09T12:21:40.875Z] 
[2025-08-09T12:21:40.875Z] #2 [internal] load metadata for mcr.microsoft.com/dotnet/aspnet:5.0-focal
[2025-08-09T12:21:40.875Z] #2 sha256:36c7f9f43c6afda9cc3d33fd7dc601cb800206ed26b9c00204532473765f629d
[2025-08-09T12:21:40.875Z] #2 DONE 0.4s
[2025-08-09T12:21:40.875Z] 
[2025-08-09T12:21:40.875Z] #4 [internal] load .dockerignore
[2025-08-09T12:21:40.875Z] #4 sha256:7207725f340f25c93b1bd347f86ec691bc9d064e894974d5e72cd80f345ef8b9
[2025-08-09T12:21:40.875Z] #4 transferring context: 2B done
[2025-08-09T12:21:40.875Z] #4 DONE 0.0s
[2025-08-09T12:21:40.875Z] 
[2025-08-09T12:21:40.875Z] #13 [build 1/7] FROM mcr.microsoft.com/dotnet/sdk:5.0-focal@sha256:c652a1f1e82c2ee8e21acc256c69d0358386abca17f308c18abf6467027786c8
[2025-08-09T12:21:40.875Z] #13 sha256:fa15cc1e78e977e53927ea844bdd0a895b13770af1f3983aba5ed8bc6f471acf
[2025-08-09T12:21:40.875Z] #13 DONE 0.0s
[2025-08-09T12:21:40.875Z] 
[2025-08-09T12:21:40.875Z] #15 [runtime 1/3] FROM mcr.microsoft.com/dotnet/aspnet:5.0-focal@sha256:f6e3a7fab8341c023fb091a54a53b01825c70c8784f731fecf5edfe260cd499c
[2025-08-09T12:21:40.875Z] #15 sha256:25179a6e784a802ae31331fd08bdc745df7e6d921032f947ba4bdc021e13184a
[2025-08-09T12:21:40.875Z] #15 DONE 0.0s
[2025-08-09T12:21:40.875Z] 
[2025-08-09T12:21:40.875Z] #10 [internal] load build context
[2025-08-09T12:21:40.875Z] #10 sha256:cc3394adac0cf771d174ff09dce94b863d0bf1b1957cf4908fe4851cbb9f084d
[2025-08-09T12:21:41.127Z] #10 transferring context: 18.62MB 0.2s done
[2025-08-09T12:21:41.127Z] #10 DONE 0.2s
[2025-08-09T12:21:41.127Z] 
[2025-08-09T12:21:41.127Z] #8 [build 5/7] COPY Source/RPSLS.sln ./Source/
[2025-08-09T12:21:41.127Z] #8 sha256:e488034a99e0bbf5d4f2da78ab56f6a1e391c19cca8bfd16e82aa7f5f1fd6262
[2025-08-09T12:21:41.127Z] #8 CACHED
[2025-08-09T12:21:41.127Z] 
[2025-08-09T12:21:41.127Z] #11 [build 3/7] RUN apt-get update     && apt-get install -y --no-install-recommends protobuf-compiler     && rm -rf /var/lib/apt/lists/*
[2025-08-09T12:21:41.127Z] #11 sha256:394265e82f505a09cc14255671fbf950b043578b6803f54e79c2a3470cfb6d5c
[2025-08-09T12:21:41.127Z] #11 CACHED
[2025-08-09T12:21:41.127Z] 
[2025-08-09T12:21:41.127Z] #9 [build 4/7] COPY Source/ ./Source/
[2025-08-09T12:21:41.127Z] #9 sha256:f3cd054691ea5e56dc3b7a6ef583587d9fc3795e1bd7f891a7b1d91b9f993d80
[2025-08-09T12:21:41.127Z] #9 CACHED
[2025-08-09T12:21:41.127Z] 
[2025-08-09T12:21:41.127Z] #12 [build 2/7] WORKDIR /src
[2025-08-09T12:21:41.127Z] #12 sha256:d3f5ff393ddd5874b0e1e4fe4bd5027a4f4870e8227126dc49430ee16547292f
[2025-08-09T12:21:41.127Z] #12 CACHED
[2025-08-09T12:21:41.127Z] 
[2025-08-09T12:21:41.127Z] #7 [build 6/7] RUN dotnet restore ./Source/RPSLS.sln
[2025-08-09T12:21:41.127Z] #7 sha256:17a3832db4065f4e592b730d6dcbd00e58e36fa6096011a5e202c0d26e002b5a
[2025-08-09T12:21:41.127Z] #7 CACHED
[2025-08-09T12:21:41.127Z] 
[2025-08-09T12:21:41.127Z] #14 [runtime 2/3] WORKDIR /app
[2025-08-09T12:21:41.127Z] #14 sha256:ad3223e0eb67a81bb557faa026e39a4737a8c2f1b79509c0f868c60651a20101
[2025-08-09T12:21:41.127Z] #14 CACHED
[2025-08-09T12:21:41.127Z] 
[2025-08-09T12:21:41.127Z] #6 [build 7/7] RUN dotnet publish ./Source/Services/RPSLS.Game.Api/RPSLS.Game.Api.csproj     -c Release -o /app/publish --no-restore
[2025-08-09T12:21:41.127Z] #6 sha256:91f1831ef5ef7fdc5d9f91f5250994a27323a638dafdceef1badf35de197bb75
[2025-08-09T12:21:41.127Z] #6 CACHED
[2025-08-09T12:21:41.127Z] 
[2025-08-09T12:21:41.127Z] #5 [runtime 3/3] COPY --from=build /app/publish ./
[2025-08-09T12:21:41.127Z] #5 sha256:935a9ba6ee627f5b01495425172251f0627313226c7cd7e83d33d25cdb5b44af
[2025-08-09T12:21:41.127Z] #5 CACHED
[2025-08-09T12:21:41.127Z] 
[2025-08-09T12:21:41.127Z] #16 exporting to image
[2025-08-09T12:21:41.127Z] #16 sha256:09f5c65f45df2a7a0b1e90a3981260494a741c8e8858a512d3e654567ed3a758
[2025-08-09T12:21:41.127Z] #16 exporting layers done
[2025-08-09T12:21:41.127Z] #16 writing image sha256:18f4ca5418d6dedb45974fa9d6ceae3108648eb1f78d0bed06409029f4b30faf done
[2025-08-09T12:21:41.127Z] #16 naming to docker.io/devopsserdar/rpsls:latest done
[2025-08-09T12:21:41.127Z] #16 naming to docker.io/devopsserdar/rpsls:57 done
[2025-08-09T12:21:41.127Z] #16 DONE 0.0s
[Pipeline] sh
[2025-08-09T12:21:41.413Z] + docker build -t devopsserdar/rpsls-web:latest -t devopsserdar/rpsls-web:57 -f Source/Services/RPSLS.Game/Server/Dockerfile Source/Services
[2025-08-09T12:21:41.413Z] #1 [internal] load build definition from Dockerfile
[2025-08-09T12:21:41.413Z] #1 sha256:7225a983a3248e5ef9e78528b4fe45a62c026ed660bb6097e6cb20a3fc3e7422
[2025-08-09T12:21:41.413Z] #1 transferring dockerfile: 1.11kB done
[2025-08-09T12:21:41.413Z] #1 DONE 0.0s
[2025-08-09T12:21:41.413Z] 
[2025-08-09T12:21:41.413Z] #2 [internal] load metadata for mcr.microsoft.com/dotnet/sdk:5.0-focal
[2025-08-09T12:21:41.413Z] #2 sha256:bd7d980268fa0ca85f3abe4180fa95be6c9fde8e77d1bcd2b7645247afd91cc5
[2025-08-09T12:21:41.413Z] #2 DONE 0.1s
[2025-08-09T12:21:41.413Z] 
[2025-08-09T12:21:41.413Z] #3 [internal] load metadata for mcr.microsoft.com/dotnet/aspnet:5.0-focal
[2025-08-09T12:21:41.413Z] #3 sha256:36c7f9f43c6afda9cc3d33fd7dc601cb800206ed26b9c00204532473765f629d
[2025-08-09T12:21:41.413Z] #3 DONE 0.1s
[2025-08-09T12:21:41.413Z] 
[2025-08-09T12:21:41.413Z] #4 [internal] load .dockerignore
[2025-08-09T12:21:41.413Z] #4 sha256:8a9d44426a4a1bad8e98c9d7ad3e01943b16a2b862a77997a858ac4966da1f8d
[2025-08-09T12:21:41.413Z] #4 transferring context: 2B done
[2025-08-09T12:21:41.413Z] #4 DONE 0.0s
[2025-08-09T12:21:41.413Z] 
[2025-08-09T12:21:41.413Z] #13 [build 1/9] FROM mcr.microsoft.com/dotnet/sdk:5.0-focal@sha256:c652a1f1e82c2ee8e21acc256c69d0358386abca17f308c18abf6467027786c8
[2025-08-09T12:21:41.413Z] #13 sha256:fa15cc1e78e977e53927ea844bdd0a895b13770af1f3983aba5ed8bc6f471acf
[2025-08-09T12:21:41.413Z] #13 DONE 0.0s
[2025-08-09T12:21:41.413Z] 
[2025-08-09T12:21:41.413Z] #18 [base 1/2] FROM mcr.microsoft.com/dotnet/aspnet:5.0-focal@sha256:f6e3a7fab8341c023fb091a54a53b01825c70c8784f731fecf5edfe260cd499c
[2025-08-09T12:21:41.413Z] #18 sha256:25179a6e784a802ae31331fd08bdc745df7e6d921032f947ba4bdc021e13184a
[2025-08-09T12:21:41.413Z] #18 DONE 0.0s
[2025-08-09T12:21:41.413Z] 
[2025-08-09T12:21:41.413Z] #19 [internal] load build context
[2025-08-09T12:21:41.413Z] #19 sha256:b2819e87234a8c6c296c1a09526b63e7baa1a7e7e90b9a2f87f066753861ec3f
[2025-08-09T12:21:41.413Z] #19 transferring context: 18.60MB 0.1s done
[2025-08-09T12:21:41.413Z] #19 DONE 0.1s
[2025-08-09T12:21:41.413Z] 
[2025-08-09T12:21:41.413Z] #7 [build 6/9] COPY [./RPSLS.Game/Shared/RPSLS.Game.Shared.csproj, RPSLS.Game/Shared/]
[2025-08-09T12:21:41.413Z] #7 sha256:93bce15dfc949e3fb96d7bcceaa8b1b6a08703907dffd8dc4cfda027e059de9f
[2025-08-09T12:21:41.413Z] #7 CACHED
[2025-08-09T12:21:41.413Z] 
[2025-08-09T12:21:41.413Z] #6 [build 7/9] RUN dotnet restore "./RPSLS.Game/Server/RPSLS.Game.Server.csproj"
[2025-08-09T12:21:41.413Z] #6 sha256:5738c96c17a31385ddb67e95dc5d2696934f0cd523464c2c4cd59ba8255c06da
[2025-08-09T12:21:41.413Z] #6 CACHED
[2025-08-09T12:21:41.413Z] 
[2025-08-09T12:21:41.413Z] #16 [build 9/9] RUN dotnet build "./RPSLS.Game/Server/RPSLS.Game.Server.csproj" -c Release -o /app/build
[2025-08-09T12:21:41.413Z] #16 sha256:fc9e19a1dd71c84cdea6e7f12332c9694b4036fd4bf176459943b9e6f4e2381d
[2025-08-09T12:21:41.413Z] #16 CACHED
[2025-08-09T12:21:41.413Z] 
[2025-08-09T12:21:41.413Z] #15 [base 2/2] WORKDIR /app
[2025-08-09T12:21:41.413Z] #15 sha256:ad3223e0eb67a81bb557faa026e39a4737a8c2f1b79509c0f868c60651a20101
[2025-08-09T12:21:41.413Z] #15 CACHED
[2025-08-09T12:21:41.413Z] 
[2025-08-09T12:21:41.413Z] #14 [final 1/2] WORKDIR /app
[2025-08-09T12:21:41.413Z] #14 sha256:0a8ce9661e5dbc16882fb46e6c112793dace73ad62e707def8731bc8470e991c
[2025-08-09T12:21:41.413Z] #14 CACHED
[2025-08-09T12:21:41.413Z] 
[2025-08-09T12:21:41.413Z] #9 [build 4/9] COPY [./RPSLS.Game/Server/RPSLS.Game.Server.csproj, RPSLS.Game/Server/]
[2025-08-09T12:21:41.413Z] #9 sha256:b6a4f213f52c5c3f0f68d9cde2c3f6db8519b3a08229b0ebc559d1534d5cbdd2
[2025-08-09T12:21:41.413Z] #9 CACHED
[2025-08-09T12:21:41.413Z] 
[2025-08-09T12:21:41.413Z] #5 [build 8/9] COPY . .
[2025-08-09T12:21:41.413Z] #5 sha256:99eb242bcb409de07465d7fd2d0ce3f99fb7a4fc14ce6af63d66fdc9e1600e00
[2025-08-09T12:21:41.413Z] #5 CACHED
[2025-08-09T12:21:41.413Z] 
[2025-08-09T12:21:41.413Z] #10 [publish 1/1] RUN dotnet publish "./RPSLS.Game/Server/RPSLS.Game.Server.csproj" -c Release -o /app/publish
[2025-08-09T12:21:41.413Z] #10 sha256:b2c190d4321b2d9ad8d2719d0d04dba260ff4155a8fb6996e655c8d0210036a5
[2025-08-09T12:21:41.413Z] #10 CACHED
[2025-08-09T12:21:41.413Z] 
[2025-08-09T12:21:41.413Z] #11 [build 3/9] RUN apt-get update && apt-get install -y --no-install-recommends protobuf-compiler && rm -rf /var/lib/apt/lists/*
[2025-08-09T12:21:41.413Z] #11 sha256:f8e1b3f7ecf68812090de13cc77351cf031880d637e4d55ddb687bc07f3b337a
[2025-08-09T12:21:41.413Z] #11 CACHED
[2025-08-09T12:21:41.413Z] 
[2025-08-09T12:21:41.413Z] #8 [build 5/9] COPY [./RPSLS.Game/Client/RPSLS.Game.Client.csproj, RPSLS.Game/Client/]
[2025-08-09T12:21:41.413Z] #8 sha256:6ade084518ba68a5173336f2316df23e6fa35c801ee36c4afd536d523b412e50
[2025-08-09T12:21:41.413Z] #8 CACHED
[2025-08-09T12:21:41.413Z] 
[2025-08-09T12:21:41.413Z] #12 [build 2/9] WORKDIR /src/project
[2025-08-09T12:21:41.413Z] #12 sha256:b6d29369ad181eacd9af61fb4bfe89fc4ed144e9667daa8d25e5ea8080658192
[2025-08-09T12:21:41.413Z] #12 CACHED
[2025-08-09T12:21:41.413Z] 
[2025-08-09T12:21:41.413Z] #17 [final 2/2] COPY --from=publish /app/publish .
[2025-08-09T12:21:41.413Z] #17 sha256:64f82fa24fc52dfc1ffdf8078483465da2822fa81e145169829f2468b0ce28ae
[2025-08-09T12:21:41.413Z] #17 CACHED
[2025-08-09T12:21:41.413Z] 
[2025-08-09T12:21:41.413Z] #20 exporting to image
[2025-08-09T12:21:41.413Z] #20 sha256:f611510bd8a5322ae05d684f0b50258a7b4c008cd44f8cb5b109b39626268259
[2025-08-09T12:21:41.413Z] #20 exporting layers done
[2025-08-09T12:21:41.413Z] #20 writing image sha256:bee67eb3cf08ef36c68e445e8adde8ac4b9988fdccbcea09c52f666e7c18193d done
[2025-08-09T12:21:41.413Z] #20 naming to docker.io/devopsserdar/rpsls-web:latest done
[2025-08-09T12:21:41.413Z] #20 naming to docker.io/devopsserdar/rpsls-web:57 done
[2025-08-09T12:21:41.413Z] #20 DONE 0.0s
[Pipeline] }
[Pipeline] // stage
[Pipeline] stage
[Pipeline] { (Trivy Scan)
[Pipeline] sh
[2025-08-09T12:21:41.719Z] + trivy image --no-progress --ignorefile .trivyignore --exit-code 1 --severity CRITICAL devopsserdar/rpsls:latest
[2025-08-09T12:21:41.719Z] 2025-08-09T12:21:41Z	INFO	[vuln] Vulnerability scanning is enabled
[2025-08-09T12:21:41.719Z] 2025-08-09T12:21:41Z	INFO	[secret] Secret scanning is enabled
[2025-08-09T12:21:41.719Z] 2025-08-09T12:21:41Z	INFO	[secret] If your scanning is slow, please try '--scanners vuln' to disable secret scanning
[2025-08-09T12:21:41.719Z] 2025-08-09T12:21:41Z	INFO	[secret] Please see also https://trivy.dev/v0.65/docs/scanner/secret#recommendation for faster secret detection
[2025-08-09T12:21:41.719Z] 2025-08-09T12:21:41Z	INFO	Detected OS	family="ubuntu" version="20.04"
[2025-08-09T12:21:41.719Z] 2025-08-09T12:21:41Z	INFO	[ubuntu] Detecting vulnerabilities...	os_version="20.04" pkg_num=103
[2025-08-09T12:21:41.719Z] 2025-08-09T12:21:41Z	INFO	Number of language-specific files	num=3
[2025-08-09T12:21:41.719Z] 2025-08-09T12:21:41Z	INFO	[dotnet-core] Detecting vulnerabilities...
[2025-08-09T12:21:41.719Z] 2025-08-09T12:21:41Z	WARN	This OS version is no longer supported by the distribution	family="ubuntu" version="20.04"
[2025-08-09T12:21:41.719Z] 2025-08-09T12:21:41Z	WARN	The vulnerability detection may be insufficient because security updates are not provided
[2025-08-09T12:21:41.719Z] 2025-08-09T12:21:41Z	INFO	Some vulnerabilities have been ignored/suppressed. Use the "--show-suppressed" flag to display them.
[2025-08-09T12:21:41.719Z] 
[2025-08-09T12:21:41.719Z] Report Summary
[2025-08-09T12:21:41.719Z] 
[2025-08-09T12:21:41.719Z] ┌──────────────────────────────────────────────────────────────────────────────────┬─────────────┬─────────────────┬─────────┐
[2025-08-09T12:21:41.719Z] │                                      Target                                      │    Type     │ Vulnerabilities │ Secrets │
[2025-08-09T12:21:41.719Z] ├──────────────────────────────────────────────────────────────────────────────────┼─────────────┼─────────────────┼─────────┤
[2025-08-09T12:21:41.719Z] │ devopsserdar/rpsls:latest (ubuntu 20.04)                                         │   ubuntu    │        0        │    -    │
[2025-08-09T12:21:41.719Z] ├──────────────────────────────────────────────────────────────────────────────────┼─────────────┼─────────────────┼─────────┤
[2025-08-09T12:21:41.719Z] │ app/RPSLS.Game.Api.deps.json                                                     │ dotnet-core │        0        │    -    │
[2025-08-09T12:21:41.719Z] ├──────────────────────────────────────────────────────────────────────────────────┼─────────────┼─────────────────┼─────────┤
[2025-08-09T12:21:41.719Z] │ usr/share/dotnet/shared/Microsoft.AspNetCore.App/5.0.17/Microsoft.AspNetCore.Ap- │ dotnet-core │        0        │    -    │
[2025-08-09T12:21:41.719Z] │ p.deps.json                                                                      │             │                 │         │
[2025-08-09T12:21:41.719Z] ├──────────────────────────────────────────────────────────────────────────────────┼─────────────┼─────────────────┼─────────┤
[2025-08-09T12:21:41.719Z] │ usr/share/dotnet/shared/Microsoft.NETCore.App/5.0.17/Microsoft.NETCore.App.deps- │ dotnet-core │        0        │    -    │
[2025-08-09T12:21:41.719Z] │ .json                                                                            │             │                 │         │
[2025-08-09T12:21:41.719Z] └──────────────────────────────────────────────────────────────────────────────────┴─────────────┴─────────────────┴─────────┘
[2025-08-09T12:21:41.719Z] Legend:
[2025-08-09T12:21:41.719Z] - '-': Not scanned
[2025-08-09T12:21:41.719Z] - '0': Clean (no security findings detected)
[2025-08-09T12:21:41.719Z] 
[Pipeline] }
[Pipeline] // stage
[Pipeline] stage
[Pipeline] { (UI Tests (Smoke))
[Pipeline] sh
[2025-08-09T12:21:42.045Z] + set -e
[2025-08-09T12:21:42.045Z] + WEB_URL=http://192.168.64.153:30081
[2025-08-09T12:21:42.045Z] + API_URL=http://192.168.64.153:30080
[2025-08-09T12:21:42.045Z] + mkdir -p reports/ui
[2025-08-09T12:21:42.045Z] + docker network create rpsls-tests
[2025-08-09T12:21:42.045Z] + docker rm -f selenium
[2025-08-09T12:21:42.045Z] + docker run -d --name selenium --network rpsls-tests -p 4444:4444 --shm-size=2g seleniarm/standalone-chromium:latest
[2025-08-09T12:21:42.045Z] 1d7d3afdd9890254243c368f4c2c55c19760d1f440b8d5f4d76ea6d7a1abb901
[2025-08-09T12:21:42.295Z] + docker run --rm --network rpsls-tests --volumes-from jenkins -e SELENIUM_URL=http://selenium:4444/wd/hub -e WEB_URL=http://192.168.64.153:30081 -e API_URL=http://192.168.64.153:30080 -w /var/jenkins_home/workspace/rpsls-pipeline python:3.11-slim sh -lc pip install --no-cache-dir pytest selenium && pytest -q -m smoke --junitxml=reports/ui/smoke.xml tests/ui || pytest -q -m smoke --junitxml=reports/ui/smoke.xml
[2025-08-09T12:21:43.642Z] Collecting pytest
[2025-08-09T12:21:43.642Z]   Downloading pytest-8.4.1-py3-none-any.whl.metadata (7.7 kB)
[2025-08-09T12:21:43.642Z] Collecting selenium
[2025-08-09T12:21:43.642Z]   Downloading selenium-4.34.2-py3-none-any.whl.metadata (7.5 kB)
[2025-08-09T12:21:43.642Z] Collecting iniconfig>=1 (from pytest)
[2025-08-09T12:21:43.642Z]   Downloading iniconfig-2.1.0-py3-none-any.whl.metadata (2.7 kB)
[2025-08-09T12:21:43.892Z] Collecting packaging>=20 (from pytest)
[2025-08-09T12:21:43.892Z]   Downloading packaging-25.0-py3-none-any.whl.metadata (3.3 kB)
[2025-08-09T12:21:43.892Z] Collecting pluggy<2,>=1.5 (from pytest)
[2025-08-09T12:21:43.892Z]   Downloading pluggy-1.6.0-py3-none-any.whl.metadata (4.8 kB)
[2025-08-09T12:21:44.147Z] Collecting pygments>=2.7.2 (from pytest)
[2025-08-09T12:21:44.147Z]   Downloading pygments-2.19.2-py3-none-any.whl.metadata (2.5 kB)
[2025-08-09T12:21:44.147Z] Collecting urllib3~=2.5.0 (from urllib3[socks]~=2.5.0->selenium)
[2025-08-09T12:21:44.147Z]   Downloading urllib3-2.5.0-py3-none-any.whl.metadata (6.5 kB)
[2025-08-09T12:21:44.147Z] Collecting trio~=0.30.0 (from selenium)
[2025-08-09T12:21:44.401Z]   Downloading trio-0.30.0-py3-none-any.whl.metadata (8.5 kB)
[2025-08-09T12:21:44.401Z] Collecting trio-websocket~=0.12.2 (from selenium)
[2025-08-09T12:21:44.401Z]   Downloading trio_websocket-0.12.2-py3-none-any.whl.metadata (5.1 kB)
[2025-08-09T12:21:44.401Z] Collecting certifi>=2025.6.15 (from selenium)
[2025-08-09T12:21:44.401Z]   Downloading certifi-2025.8.3-py3-none-any.whl.metadata (2.4 kB)
[2025-08-09T12:21:44.652Z] Collecting typing_extensions~=4.14.0 (from selenium)
[2025-08-09T12:21:44.652Z]   Downloading typing_extensions-4.14.1-py3-none-any.whl.metadata (3.0 kB)
[2025-08-09T12:21:44.652Z] Collecting websocket-client~=1.8.0 (from selenium)
[2025-08-09T12:21:44.652Z]   Downloading websocket_client-1.8.0-py3-none-any.whl.metadata (8.0 kB)
[2025-08-09T12:21:44.652Z] Collecting attrs>=23.2.0 (from trio~=0.30.0->selenium)
[2025-08-09T12:21:44.907Z]   Downloading attrs-25.3.0-py3-none-any.whl.metadata (10 kB)
[2025-08-09T12:21:44.907Z] Collecting sortedcontainers (from trio~=0.30.0->selenium)
[2025-08-09T12:21:44.907Z]   Downloading sortedcontainers-2.4.0-py2.py3-none-any.whl.metadata (10 kB)
[2025-08-09T12:21:44.907Z] Collecting idna (from trio~=0.30.0->selenium)
[2025-08-09T12:21:44.907Z]   Downloading idna-3.10-py3-none-any.whl.metadata (10 kB)
[2025-08-09T12:21:45.157Z] Collecting outcome (from trio~=0.30.0->selenium)
[2025-08-09T12:21:45.157Z]   Downloading outcome-1.3.0.post0-py2.py3-none-any.whl.metadata (2.6 kB)
[2025-08-09T12:21:45.157Z] Collecting sniffio>=1.3.0 (from trio~=0.30.0->selenium)
[2025-08-09T12:21:45.157Z]   Downloading sniffio-1.3.1-py3-none-any.whl.metadata (3.9 kB)
[2025-08-09T12:21:45.157Z] Collecting wsproto>=0.14 (from trio-websocket~=0.12.2->selenium)
[2025-08-09T12:21:45.157Z]   Downloading wsproto-1.2.0-py3-none-any.whl.metadata (5.6 kB)
[2025-08-09T12:21:45.408Z] Collecting pysocks!=1.5.7,<2.0,>=1.5.6 (from urllib3[socks]~=2.5.0->selenium)
[2025-08-09T12:21:45.408Z]   Downloading PySocks-1.7.1-py3-none-any.whl.metadata (13 kB)
[2025-08-09T12:21:45.408Z] Collecting h11<1,>=0.9.0 (from wsproto>=0.14->trio-websocket~=0.12.2->selenium)
[2025-08-09T12:21:45.408Z]   Downloading h11-0.16.0-py3-none-any.whl.metadata (8.3 kB)
[2025-08-09T12:21:45.671Z] Downloading pytest-8.4.1-py3-none-any.whl (365 kB)
[2025-08-09T12:21:45.671Z]    ━━━━━━━━━━━━━━━━━━━━━━━━━━━━━━━━━━━━━━━━ 365.5/365.5 kB 2.7 MB/s eta 0:00:00
[2025-08-09T12:21:45.671Z] Downloading selenium-4.34.2-py3-none-any.whl (9.4 MB)
[2025-08-09T12:21:47.021Z]    ━━━━━━━━━━━━━━━━━━━━━━━━━━━━━━━━━━━━━━━━ 9.4/9.4 MB 8.7 MB/s eta 0:00:00
[2025-08-09T12:21:47.021Z] Downloading certifi-2025.8.3-py3-none-any.whl (161 kB)
[2025-08-09T12:21:47.021Z]    ━━━━━━━━━━━━━━━━━━━━━━━━━━━━━━━━━━━━━━━━ 161.2/161.2 kB 8.4 MB/s eta 0:00:00
[2025-08-09T12:21:47.021Z] Downloading iniconfig-2.1.0-py3-none-any.whl (6.0 kB)
[2025-08-09T12:21:47.021Z] Downloading packaging-25.0-py3-none-any.whl (66 kB)
[2025-08-09T12:21:47.021Z]    ━━━━━━━━━━━━━━━━━━━━━━━━━━━━━━━━━━━━━━━━ 66.5/66.5 kB 12.7 MB/s eta 0:00:00
[2025-08-09T12:21:47.021Z] Downloading pluggy-1.6.0-py3-none-any.whl (20 kB)
[2025-08-09T12:21:47.021Z] Downloading pygments-2.19.2-py3-none-any.whl (1.2 MB)
[2025-08-09T12:21:47.272Z]    ━━━━━━━━━━━━━━━━━━━━━━━━━━━━━━━━━━━━━━━━ 1.2/1.2 MB 8.6 MB/s eta 0:00:00
[2025-08-09T12:21:47.272Z] Downloading trio-0.30.0-py3-none-any.whl (499 kB)
[2025-08-09T12:21:47.272Z]    ━━━━━━━━━━━━━━━━━━━━━━━━━━━━━━━━━━━━━━━━ 499.2/499.2 kB 13.9 MB/s eta 0:00:00
[2025-08-09T12:21:47.272Z] Downloading trio_websocket-0.12.2-py3-none-any.whl (21 kB)
[2025-08-09T12:21:47.528Z] Downloading typing_extensions-4.14.1-py3-none-any.whl (43 kB)
[2025-08-09T12:21:47.528Z]    ━━━━━━━━━━━━━━━━━━━━━━━━━━━━━━━━━━━━━━━━ 43.9/43.9 kB 47.0 MB/s eta 0:00:00
[2025-08-09T12:21:47.528Z] Downloading urllib3-2.5.0-py3-none-any.whl (129 kB)
[2025-08-09T12:21:47.528Z]    ━━━━━━━━━━━━━━━━━━━━━━━━━━━━━━━━━━━━━━━━ 129.8/129.8 kB 20.7 MB/s eta 0:00:00
[2025-08-09T12:21:47.528Z] Downloading websocket_client-1.8.0-py3-none-any.whl (58 kB)
[2025-08-09T12:21:47.528Z]    ━━━━━━━━━━━━━━━━━━━━━━━━━━━━━━━━━━━━━━━━ 58.8/58.8 kB 106.7 MB/s eta 0:00:00
[2025-08-09T12:21:47.528Z] Downloading attrs-25.3.0-py3-none-any.whl (63 kB)
[2025-08-09T12:21:47.528Z]    ━━━━━━━━━━━━━━━━━━━━━━━━━━━━━━━━━━━━━━━━ 63.8/63.8 kB 15.7 MB/s eta 0:00:00
[2025-08-09T12:21:47.528Z] Downloading outcome-1.3.0.post0-py2.py3-none-any.whl (10 kB)
[2025-08-09T12:21:47.780Z] Downloading PySocks-1.7.1-py3-none-any.whl (16 kB)
[2025-08-09T12:21:47.780Z] Downloading sniffio-1.3.1-py3-none-any.whl (10 kB)
[2025-08-09T12:21:47.780Z] Downloading wsproto-1.2.0-py3-none-any.whl (24 kB)
[2025-08-09T12:21:47.780Z] Downloading idna-3.10-py3-none-any.whl (70 kB)
[2025-08-09T12:21:47.780Z]    ━━━━━━━━━━━━━━━━━━━━━━━━━━━━━━━━━━━━━━━━ 70.4/70.4 kB 39.6 MB/s eta 0:00:00
[2025-08-09T12:21:47.780Z] Downloading sortedcontainers-2.4.0-py2.py3-none-any.whl (29 kB)
[2025-08-09T12:21:47.780Z] Downloading h11-0.16.0-py3-none-any.whl (37 kB)
[2025-08-09T12:21:48.031Z] Installing collected packages: sortedcontainers, websocket-client, urllib3, typing_extensions, sniffio, pysocks, pygments, pluggy, packaging, iniconfig, idna, h11, certifi, attrs, wsproto, pytest, outcome, trio, trio-websocket, selenium
[2025-08-09T12:21:49.374Z] Successfully installed attrs-25.3.0 certifi-2025.8.3 h11-0.16.0 idna-3.10 iniconfig-2.1.0 outcome-1.3.0.post0 packaging-25.0 pluggy-1.6.0 pygments-2.19.2 pysocks-1.7.1 pytest-8.4.1 selenium-4.34.2 sniffio-1.3.1 sortedcontainers-2.4.0 trio-0.30.0 trio-websocket-0.12.2 typing_extensions-4.14.1 urllib3-2.5.0 websocket-client-1.8.0 wsproto-1.2.0
[2025-08-09T12:21:49.374Z] WARNING: Running pip as the 'root' user can result in broken permissions and conflicting behaviour with the system package manager. It is recommended to use a virtual environment instead: https://pip.pypa.io/warnings/venv
[2025-08-09T12:21:49.374Z] 
[2025-08-09T12:21:49.374Z] [notice] A new release of pip is available: 24.0 -> 25.2
[2025-08-09T12:21:49.374Z] [notice] To update, run: pip install --upgrade pip
[2025-08-09T12:22:18.169Z] ..Fs                                                                     [100%]
[2025-08-09T12:22:18.169Z] =================================== FAILURES ===================================
[2025-08-09T12:22:18.169Z] __________________________ test_play_with_bot_button ___________________________
[2025-08-09T12:22:18.169Z] 
[2025-08-09T12:22:18.169Z] driver = <selenium.webdriver.remote.webdriver.WebDriver (session="977248b404633a7694f10ffc75aad6e0")>
[2025-08-09T12:22:18.169Z] 
[2025-08-09T12:22:18.169Z]     @pytest.mark.smoke
[2025-08-09T12:22:18.169Z]     def test_play_with_bot_button(driver):
[2025-08-09T12:22:18.169Z]         driver.get(WEB_URL)
[2025-08-09T12:22:18.169Z]         # Enter username
[2025-08-09T12:22:18.169Z]         user_input = WebDriverWait(driver, 20).until(EC.element_to_be_clickable((By.CSS_SELECTOR, "input.user")))
[2025-08-09T12:22:18.169Z]         user_input.clear()
[2025-08-09T12:22:18.169Z]         user_input.send_keys("serdar")
[2025-08-09T12:22:18.169Z]         # Click "Play with a bot"
[2025-08-09T12:22:18.169Z]         play_bot = WebDriverWait(driver, 10).until(EC.element_to_be_clickable((By.XPATH, "//button[contains(., 'Play with a bot')]")))
[2025-08-09T12:22:18.169Z]         play_bot.click()
[2025-08-09T12:22:18.169Z]         WebDriverWait(driver, 30).until(lambda d: "/challenger" in urllib.parse.urlparse(d.current_url).path)
[2025-08-09T12:22:18.169Z]         # Challenger seçim sayfası yüklenmeli - herhangi bir buton görünmeli
[2025-08-09T12:22:18.169Z] >       WebDriverWait(driver, 15).until(
[2025-08-09T12:22:18.169Z]             EC.presence_of_element_located((By.TAG_NAME, "button"))
[2025-08-09T12:22:18.169Z]         )
[2025-08-09T12:22:18.169Z] 
[2025-08-09T12:22:18.169Z] tests/ui/test_smoke.py:57: 
[2025-08-09T12:22:18.169Z] _ _ _ _ _ _ _ _ _ _ _ _ _ _ _ _ _ _ _ _ _ _ _ _ _ _ _ _ _ _ _ _ _ _ _ _ _ _ _ _ 
[2025-08-09T12:22:18.169Z] 
[2025-08-09T12:22:18.169Z] self = <selenium.webdriver.support.wait.WebDriverWait (session="977248b404633a7694f10ffc75aad6e0")>
[2025-08-09T12:22:18.169Z] method = <function presence_of_element_located.<locals>._predicate at 0xffff7ed316c0>
[2025-08-09T12:22:18.169Z] message = ''
[2025-08-09T12:22:18.169Z] 
[2025-08-09T12:22:18.169Z]     def until(self, method: Callable[[D], Union[Literal[False], T]], message: str = "") -> T:
[2025-08-09T12:22:18.169Z]         """Wait until the method returns a value that is not False.
[2025-08-09T12:22:18.169Z]     
[2025-08-09T12:22:18.169Z]         Calls the method provided with the driver as an argument until the
[2025-08-09T12:22:18.169Z]         return value does not evaluate to ``False``.
[2025-08-09T12:22:18.169Z]     
[2025-08-09T12:22:18.169Z]         Parameters:
[2025-08-09T12:22:18.169Z]         -----------
[2025-08-09T12:22:18.169Z]         method: callable(WebDriver)
[2025-08-09T12:22:18.169Z]             - A callable object that takes a WebDriver instance as an argument.
[2025-08-09T12:22:18.169Z]     
[2025-08-09T12:22:18.169Z]         message: str
[2025-08-09T12:22:18.169Z]             - Optional message for :exc:`TimeoutException`
[2025-08-09T12:22:18.169Z]     
[2025-08-09T12:22:18.169Z]         Return:
[2025-08-09T12:22:18.169Z]         -------
[2025-08-09T12:22:18.169Z]         object: T
[2025-08-09T12:22:18.169Z]             - The result of the last call to `method`
[2025-08-09T12:22:18.169Z]     
[2025-08-09T12:22:18.169Z]         Raises:
[2025-08-09T12:22:18.169Z]         -------
[2025-08-09T12:22:18.169Z]         TimeoutException
[2025-08-09T12:22:18.169Z]             - If 'method' does not return a truthy value within the WebDriverWait
[2025-08-09T12:22:18.169Z]             object's timeout
[2025-08-09T12:22:18.169Z]     
[2025-08-09T12:22:18.169Z]         Example:
[2025-08-09T12:22:18.169Z]         --------
[2025-08-09T12:22:18.169Z]         >>> from selenium.webdriver.common.by import By
[2025-08-09T12:22:18.169Z]         >>> from selenium.webdriver.support.ui import WebDriverWait
[2025-08-09T12:22:18.169Z]         >>> from selenium.webdriver.support import expected_conditions as EC
[2025-08-09T12:22:18.169Z]     
[2025-08-09T12:22:18.169Z]         # Wait until an element is visible on the page
[2025-08-09T12:22:18.169Z]         >>> wait = WebDriverWait(driver, 10)
[2025-08-09T12:22:18.169Z]         >>> element = wait.until(EC.visibility_of_element_located((By.ID, "exampleId")))
[2025-08-09T12:22:18.169Z]         >>> print(element.text)
[2025-08-09T12:22:18.169Z]         """
[2025-08-09T12:22:18.169Z]         screen = None
[2025-08-09T12:22:18.169Z]         stacktrace = None
[2025-08-09T12:22:18.169Z]     
[2025-08-09T12:22:18.169Z]         end_time = time.monotonic() + self._timeout
[2025-08-09T12:22:18.169Z]         while True:
[2025-08-09T12:22:18.169Z]             try:
[2025-08-09T12:22:18.169Z]                 value = method(self._driver)
[2025-08-09T12:22:18.169Z]                 if value:
[2025-08-09T12:22:18.169Z]                     return value
[2025-08-09T12:22:18.169Z]             except self._ignored_exceptions as exc:
[2025-08-09T12:22:18.169Z]                 screen = getattr(exc, "screen", None)
[2025-08-09T12:22:18.169Z]                 stacktrace = getattr(exc, "stacktrace", None)
[2025-08-09T12:22:18.169Z]             if time.monotonic() > end_time:
[2025-08-09T12:22:18.169Z]                 break
[2025-08-09T12:22:18.169Z]             time.sleep(self._poll)
[2025-08-09T12:22:18.169Z] >       raise TimeoutException(message, screen, stacktrace)
[2025-08-09T12:22:18.169Z] E       selenium.common.exceptions.TimeoutException: Message: 
[2025-08-09T12:22:18.169Z] E       Stacktrace:
[2025-08-09T12:22:18.169Z] E       #0 0xaaaad93d7d44 <unknown>
[2025-08-09T12:22:18.169Z] E       #1 0xaaaad90fe374 <unknown>
[2025-08-09T12:22:18.169Z] E       #2 0xaaaad913b4e0 <unknown>
[2025-08-09T12:22:18.169Z] E       #3 0xaaaad9178400 <unknown>
[2025-08-09T12:22:18.169Z] E       #4 0xaaaad91314a4 <unknown>
[2025-08-09T12:22:18.169Z] E       #5 0xaaaad91320e0 <unknown>
[2025-08-09T12:22:18.169Z] E       #6 0xaaaad93a5ac0 <unknown>
[2025-08-09T12:22:18.169Z] E       #7 0xaaaad93a8a64 <unknown>
[2025-08-09T12:22:18.169Z] E       #8 0xaaaad93a8630 <unknown>
[2025-08-09T12:22:18.169Z] E       #9 0xaaaad9396d6c <unknown>
[2025-08-09T12:22:18.169Z] E       #10 0xaaaad93a9128 <unknown>
[2025-08-09T12:22:18.169Z] E       #11 0xaaaad9381010 <unknown>
[2025-08-09T12:22:18.169Z] E       #12 0xaaaad93c8550 <unknown>
[2025-08-09T12:22:18.169Z] E       #13 0xaaaad93c8758 <unknown>
[2025-08-09T12:22:18.169Z] E       #14 0xaaaad93d7250 <unknown>
[2025-08-09T12:22:18.169Z] E       #15 0xffff970eee58 <unknown>
[2025-08-09T12:22:18.169Z] E       #16 0xffff97157f9c <unknown>
[2025-08-09T12:22:18.169Z] 
[2025-08-09T12:22:18.169Z] /usr/local/lib/python3.11/site-packages/selenium/webdriver/support/wait.py:138: TimeoutException
[2025-08-09T12:22:18.169Z] - generated xml file: /var/jenkins_home/workspace/rpsls-pipeline/reports/ui/smoke.xml -
[2025-08-09T12:22:18.169Z] =========================== short test summary info ============================
[2025-08-09T12:22:18.169Z] FAILED tests/ui/test_smoke.py::test_play_with_bot_button - selenium.common.ex...
[2025-08-09T12:22:18.169Z] 1 failed, 2 passed, 1 skipped, 4 deselected in 27.35s
[2025-08-09T12:22:46.113Z] ..Fs                                                                     [100%]
[2025-08-09T12:22:46.113Z] =================================== FAILURES ===================================
[2025-08-09T12:22:46.113Z] __________________________ test_play_with_bot_button ___________________________
[2025-08-09T12:22:46.113Z] 
[2025-08-09T12:22:46.113Z] driver = <selenium.webdriver.remote.webdriver.WebDriver (session="f3e66fbce47411b9051e76a016adfe4b")>
[2025-08-09T12:22:46.113Z] 
[2025-08-09T12:22:46.113Z]     @pytest.mark.smoke
[2025-08-09T12:22:46.113Z]     def test_play_with_bot_button(driver):
[2025-08-09T12:22:46.113Z]         driver.get(WEB_URL)
[2025-08-09T12:22:46.113Z]         # Enter username
[2025-08-09T12:22:46.113Z]         user_input = WebDriverWait(driver, 20).until(EC.element_to_be_clickable((By.CSS_SELECTOR, "input.user")))
[2025-08-09T12:22:46.113Z]         user_input.clear()
[2025-08-09T12:22:46.113Z]         user_input.send_keys("serdar")
[2025-08-09T12:22:46.113Z]         # Click "Play with a bot"
[2025-08-09T12:22:46.113Z]         play_bot = WebDriverWait(driver, 10).until(EC.element_to_be_clickable((By.XPATH, "//button[contains(., 'Play with a bot')]")))
[2025-08-09T12:22:46.113Z]         play_bot.click()
[2025-08-09T12:22:46.113Z]         WebDriverWait(driver, 30).until(lambda d: "/challenger" in urllib.parse.urlparse(d.current_url).path)
[2025-08-09T12:22:46.113Z]         # Challenger seçim sayfası yüklenmeli - herhangi bir buton görünmeli
[2025-08-09T12:22:46.113Z] >       WebDriverWait(driver, 15).until(
[2025-08-09T12:22:46.113Z]             EC.presence_of_element_located((By.TAG_NAME, "button"))
[2025-08-09T12:22:46.113Z]         )
[2025-08-09T12:22:46.113Z] 
[2025-08-09T12:22:46.113Z] tests/ui/test_smoke.py:57: 
[2025-08-09T12:22:46.113Z] _ _ _ _ _ _ _ _ _ _ _ _ _ _ _ _ _ _ _ _ _ _ _ _ _ _ _ _ _ _ _ _ _ _ _ _ _ _ _ _ 
[2025-08-09T12:22:46.113Z] 
[2025-08-09T12:22:46.113Z] self = <selenium.webdriver.support.wait.WebDriverWait (session="f3e66fbce47411b9051e76a016adfe4b")>
[2025-08-09T12:22:46.113Z] method = <function presence_of_element_located.<locals>._predicate at 0xffff9c558d60>
[2025-08-09T12:22:46.113Z] message = ''
[2025-08-09T12:22:46.113Z] 
[2025-08-09T12:22:46.113Z]     def until(self, method: Callable[[D], Union[Literal[False], T]], message: str = "") -> T:
[2025-08-09T12:22:46.113Z]         """Wait until the method returns a value that is not False.
[2025-08-09T12:22:46.113Z]     
[2025-08-09T12:22:46.113Z]         Calls the method provided with the driver as an argument until the
[2025-08-09T12:22:46.113Z]         return value does not evaluate to ``False``.
[2025-08-09T12:22:46.113Z]     
[2025-08-09T12:22:46.113Z]         Parameters:
[2025-08-09T12:22:46.113Z]         -----------
[2025-08-09T12:22:46.113Z]         method: callable(WebDriver)
[2025-08-09T12:22:46.113Z]             - A callable object that takes a WebDriver instance as an argument.
[2025-08-09T12:22:46.113Z]     
[2025-08-09T12:22:46.113Z]         message: str
[2025-08-09T12:22:46.113Z]             - Optional message for :exc:`TimeoutException`
[2025-08-09T12:22:46.113Z]     
[2025-08-09T12:22:46.113Z]         Return:
[2025-08-09T12:22:46.113Z]         -------
[2025-08-09T12:22:46.113Z]         object: T
[2025-08-09T12:22:46.113Z]             - The result of the last call to `method`
[2025-08-09T12:22:46.113Z]     
[2025-08-09T12:22:46.113Z]         Raises:
[2025-08-09T12:22:46.113Z]         -------
[2025-08-09T12:22:46.113Z]         TimeoutException
[2025-08-09T12:22:46.113Z]             - If 'method' does not return a truthy value within the WebDriverWait
[2025-08-09T12:22:46.113Z]             object's timeout
[2025-08-09T12:22:46.113Z]     
[2025-08-09T12:22:46.113Z]         Example:
[2025-08-09T12:22:46.113Z]         --------
[2025-08-09T12:22:46.113Z]         >>> from selenium.webdriver.common.by import By
[2025-08-09T12:22:46.113Z]         >>> from selenium.webdriver.support.ui import WebDriverWait
[2025-08-09T12:22:46.113Z]         >>> from selenium.webdriver.support import expected_conditions as EC
[2025-08-09T12:22:46.113Z]     
[2025-08-09T12:22:46.113Z]         # Wait until an element is visible on the page
[2025-08-09T12:22:46.113Z]         >>> wait = WebDriverWait(driver, 10)
[2025-08-09T12:22:46.113Z]         >>> element = wait.until(EC.visibility_of_element_located((By.ID, "exampleId")))
[2025-08-09T12:22:46.113Z]         >>> print(element.text)
[2025-08-09T12:22:46.113Z]         """
[2025-08-09T12:22:46.113Z]         screen = None
[2025-08-09T12:22:46.113Z]         stacktrace = None
[2025-08-09T12:22:46.113Z]     
[2025-08-09T12:22:46.113Z]         end_time = time.monotonic() + self._timeout
[2025-08-09T12:22:46.113Z]         while True:
[2025-08-09T12:22:46.113Z]             try:
[2025-08-09T12:22:46.113Z]                 value = method(self._driver)
[2025-08-09T12:22:46.113Z]                 if value:
[2025-08-09T12:22:46.113Z]                     return value
[2025-08-09T12:22:46.113Z]             except self._ignored_exceptions as exc:
[2025-08-09T12:22:46.113Z]                 screen = getattr(exc, "screen", None)
[2025-08-09T12:22:46.113Z]                 stacktrace = getattr(exc, "stacktrace", None)
[2025-08-09T12:22:46.113Z]             if time.monotonic() > end_time:
[2025-08-09T12:22:46.113Z]                 break
[2025-08-09T12:22:46.113Z]             time.sleep(self._poll)
[2025-08-09T12:22:46.113Z] >       raise TimeoutException(message, screen, stacktrace)
[2025-08-09T12:22:46.113Z] E       selenium.common.exceptions.TimeoutException: Message: 
[2025-08-09T12:22:46.113Z] E       Stacktrace:
[2025-08-09T12:22:46.113Z] E       #0 0xaaaad4127d44 <unknown>
[2025-08-09T12:22:46.113Z] E       #1 0xaaaad3e4e374 <unknown>
[2025-08-09T12:22:46.113Z] E       #2 0xaaaad3e8b4e0 <unknown>
[2025-08-09T12:22:46.113Z] E       #3 0xaaaad3ec8400 <unknown>
[2025-08-09T12:22:46.113Z] E       #4 0xaaaad3e814a4 <unknown>
[2025-08-09T12:22:46.113Z] E       #5 0xaaaad3e820e0 <unknown>
[2025-08-09T12:22:46.113Z] E       #6 0xaaaad40f5ac0 <unknown>
[2025-08-09T12:22:46.113Z] E       #7 0xaaaad40f8a64 <unknown>
[2025-08-09T12:22:46.113Z] E       #8 0xaaaad40f8630 <unknown>
[2025-08-09T12:22:46.113Z] E       #9 0xaaaad40e6d6c <unknown>
[2025-08-09T12:22:46.113Z] E       #10 0xaaaad40f9128 <unknown>
[2025-08-09T12:22:46.113Z] E       #11 0xaaaad40d1010 <unknown>
[2025-08-09T12:22:46.113Z] E       #12 0xaaaad4118550 <unknown>
[2025-08-09T12:22:46.113Z] E       #13 0xaaaad4118758 <unknown>
[2025-08-09T12:22:46.113Z] E       #14 0xaaaad4127250 <unknown>
[2025-08-09T12:22:46.113Z] E       #15 0xffffadeaee58 <unknown>
[2025-08-09T12:22:46.113Z] E       #16 0xffffadf17f9c <unknown>
[2025-08-09T12:22:46.113Z] 
[2025-08-09T12:22:46.113Z] /usr/local/lib/python3.11/site-packages/selenium/webdriver/support/wait.py:138: TimeoutException
[2025-08-09T12:22:46.113Z] - generated xml file: /var/jenkins_home/workspace/rpsls-pipeline/reports/ui/smoke.xml -
[2025-08-09T12:22:46.113Z] =========================== short test summary info ============================
[2025-08-09T12:22:46.113Z] FAILED tests/ui/test_smoke.py::test_play_with_bot_button - selenium.common.ex...
[2025-08-09T12:22:46.113Z] 1 failed, 2 passed, 1 skipped, 4 deselected in 27.68s
Post stage
[Pipeline] junit
[2025-08-09T12:22:46.176Z] Recording test results
[2025-08-09T12:22:46.187Z] [Checks API] No suitable checks publisher found.
[Pipeline] archiveArtifacts
[2025-08-09T12:22:46.208Z] Archiving artifacts
[Pipeline] sh
[2025-08-09T12:22:46.476Z] + docker rm -f selenium
[2025-08-09T12:22:46.726Z] + docker network rm rpsls-tests
[Pipeline] }
[Pipeline] // stage
[Pipeline] stage
[Pipeline] { (Push)
Stage "Push" skipped due to earlier failure(s)
[Pipeline] getContext
[Pipeline] }
[Pipeline] // stage
[Pipeline] stage
[Pipeline] { (Deploy)
Stage "Deploy" skipped due to earlier failure(s)
[Pipeline] getContext
[Pipeline] }
[Pipeline] // stage
[Pipeline] stage
[Pipeline] { (UI Tests (Regression))
Stage "UI Tests (Regression)" skipped due to earlier failure(s)
[Pipeline] getContext
[Pipeline] }
[Pipeline] // stage
[Pipeline] }
[Pipeline] // timestamps
[Pipeline] }
[Pipeline] // withEnv
[Pipeline] }
[Pipeline] // withEnv
[Pipeline] }
[Pipeline] // node
[Pipeline] End of Pipeline
ERROR: script returned exit code 1
Finished: FAILURE
